[Sun Oct 23 22:30:17 2022] PHP 8.1.11 Development Server (http://localhost:8000) started
[Sun Oct 23 22:30:17 2022] [::1]:49996 Accepted
[Sun Oct 23 22:30:17 2022] [::1]:49996 [200]: GET /
[Sun Oct 23 22:30:17 2022] [::1]:49996 Closing
[Sun Oct 23 22:30:17 2022] [::1]:50012 Accepted
[Sun Oct 23 22:30:17 2022] [::1]:50012 [200]: GET /helpcenter.css
[Sun Oct 23 22:30:17 2022] [::1]:50012 Closing
[Sun Oct 23 22:30:17 2022] [::1]:50020 Accepted
[Sun Oct 23 22:30:17 2022] [::1]:50020 [200]: GET /assets/images/logo.svg
[Sun Oct 23 22:30:17 2022] [::1]:50020 Closing
[Sun Oct 23 22:30:17 2022] [::1]:50024 Accepted
[Sun Oct 23 22:30:17 2022] [::1]:50024 [200]: GET /assets/images/favicon.ico
[Sun Oct 23 22:30:17 2022] [::1]:50024 Closing
[Sun Oct 23 22:30:17 2022] [::1]:50038 Accepted
[Sun Oct 23 22:30:17 2022] [::1]:50038 [200]: GET /assets/fonts/BigJohnPRO-Regular.ttf
[Sun Oct 23 22:30:17 2022] [::1]:50038 Closing
[Sun Oct 23 22:30:17 2022] [::1]:50054 Accepted
[Sun Oct 23 22:30:17 2022] [::1]:50054 [200]: GET /assets/fonts/BigJohnPRO-Bold.ttf
[Sun Oct 23 22:30:17 2022] [::1]:50054 Closing
[Sun Oct 23 22:30:19 2022] [::1]:50066 Accepted
[Sun Oct 23 22:30:19 2022] [::1]:50066 [200]: GET /
[Sun Oct 23 22:30:19 2022] [::1]:50066 Closing
[Sun Oct 23 22:30:19 2022] [::1]:50070 Accepted
[Sun Oct 23 22:30:19 2022] [::1]:50070 [200]: GET /helpcenter.css
[Sun Oct 23 22:30:19 2022] [::1]:50070 Closing
[Sun Oct 23 22:30:19 2022] [::1]:50074 Accepted
[Sun Oct 23 22:30:19 2022] [::1]:50074 [200]: GET /assets/images/logo.svg
[Sun Oct 23 22:30:19 2022] [::1]:50074 Closing
[Sun Oct 23 22:30:19 2022] [::1]:50078 Accepted
[Sun Oct 23 22:30:19 2022] [::1]:50078 [200]: GET /assets/images/favicon.ico
[Sun Oct 23 22:30:19 2022] [::1]:50078 Closing
[Sun Oct 23 22:30:27 2022] [::1]:50438 Accepted
[Sun Oct 23 22:30:27 2022] [::1]:50438 [200]: GET /
[Sun Oct 23 22:30:27 2022] [::1]:50438 Closing
[Sun Oct 23 22:30:27 2022] [::1]:50452 Accepted
[Sun Oct 23 22:30:27 2022] [::1]:50452 [200]: GET /helpcenter.css
[Sun Oct 23 22:30:27 2022] [::1]:50452 Closing
[Sun Oct 23 22:30:28 2022] [::1]:50462 Accepted
[Sun Oct 23 22:30:28 2022] [::1]:50462 [200]: GET /assets/images/logo.svg
[Sun Oct 23 22:30:28 2022] [::1]:50462 Closing
[Sun Oct 23 22:30:28 2022] [::1]:50464 Accepted
[Sun Oct 23 22:30:28 2022] [::1]:50464 [200]: GET /assets/images/favicon.ico
[Sun Oct 23 22:30:28 2022] [::1]:50464 Closing
[Sun Oct 23 22:30:29 2022] [::1]:50470 Accepted
[Sun Oct 23 22:30:29 2022] [::1]:50470 [200]: GET /
[Sun Oct 23 22:30:29 2022] [::1]:50470 Closing
[Sun Oct 23 22:30:29 2022] [::1]:50486 Accepted
[Sun Oct 23 22:30:29 2022] [::1]:50486 [200]: GET /helpcenter.css
[Sun Oct 23 22:30:29 2022] [::1]:50486 Closing
[Sun Oct 23 22:30:29 2022] [::1]:50494 Accepted
[Sun Oct 23 22:30:29 2022] [::1]:50494 [200]: GET /assets/images/logo.svg
[Sun Oct 23 22:30:29 2022] [::1]:50494 Closing
[Sun Oct 23 22:30:29 2022] [::1]:50502 Accepted
[Sun Oct 23 22:30:29 2022] [::1]:50502 [200]: GET /assets/images/favicon.ico
[Sun Oct 23 22:30:29 2022] [::1]:50502 Closing
